<?xml version="1.0" encoding="UTF-8"?>
<!-- Generated by org.testng.reporters.JUnitReportReporter -->
<testsuite skipped="0" hostname="IN04328" name="TestRunner.RunCucumberTest" tests="1" failures="0" timestamp="2021-06-10T21:50:51 IST" time="0.331" errors="0">
  <testcase name="runScenario" time="0.331" classname="TestRunner.RunCucumberTest"/>
  <system-out/>
</testsuite> <!-- TestRunner.RunCucumberTest -->
