<?xml version="1.0" encoding="UTF-8"?>
<!-- Generated by org.testng.reporters.JUnitReportReporter -->
<testsuite skipped="0" hostname="IN04328" name="TestRunner.RunCucumberTest" tests="1" failures="0" timestamp="2021-06-26T23:04:18 IST" time="23.235" errors="0">
  <testcase name="runScenario" time="23.235" classname="TestRunner.RunCucumberTest"/>
  <system-out/>
</testsuite> <!-- TestRunner.RunCucumberTest -->
