<?xml version="1.0" encoding="UTF-8"?>
<!-- Generated by org.testng.reporters.JUnitReportReporter -->
<testsuite skipped="0" hostname="IN04328" name="Pages.LoginPageParametesTest" tests="1" failures="0" timestamp="2021-05-29T21:41:14 IST" time="14.881" errors="0">
  <testcase name="LoginAccount" time="14.881" classname="Pages.LoginPageParametesTest"/>
  <system-out/>
</testsuite> <!-- Pages.LoginPageParametesTest -->
