<?xml version="1.0" encoding="UTF-8"?>
<!-- Generated by org.testng.reporters.JUnitReportReporter -->
<testsuite skipped="0" hostname="IN04328" name="Pages.DataProviderTest1" tests="4" failures="0" timestamp="2021-05-29T21:41:14 IST" time="192.033" errors="0">
  <testcase name="LoginAccount" time="25.873" classname="Pages.DataProviderTest1"/>
  <system-out/>
  <testcase name="LoginAccount" time="80.049" classname="Pages.DataProviderTest1"/>
  <system-out/>
  <testcase name="LoginAccount" time="42.826" classname="Pages.DataProviderTest1"/>
  <system-out/>
  <testcase name="LoginAccount" time="43.285" classname="Pages.DataProviderTest1"/>
  <system-out/>
</testsuite> <!-- Pages.DataProviderTest1 -->
