<?xml version="1.0" encoding="UTF-8"?>
<!-- Generated by org.testng.reporters.JUnitReportReporter -->
<testsuite hostname="IN04779" failures="0" tests="1" name="TestRunner.RunCucumberTest" time="58.117" errors="0" timestamp="2022-02-28T22:57:36 IST" skipped="0">
  <testcase classname="TestRunner.RunCucumberTest" name="runScenario" time="58.117"/>
  <system-out/>
</testsuite> <!-- TestRunner.RunCucumberTest -->
