<?xml version="1.0" encoding="UTF-8"?>
<!-- Generated by org.testng.reporters.JUnitReportReporter -->
<testsuite skipped="0" hostname="IN04328" name="com.wtc.staples.norway.DataProvider1" tests="2" failures="0" timestamp="2021-05-29T17:38:27 IST" time="0.012" errors="0">
  <testcase name="m1" time="0.002" classname="com.wtc.staples.norway.DataProvider1"/>
  <system-out/>
  <testcase name="m1" time="0.010" classname="com.wtc.staples.norway.DataProvider1"/>
  <system-out/>
</testsuite> <!-- com.wtc.staples.norway.DataProvider1 -->
